þ Scanning log
þ NOD32 Version 1.264 (20020605)

þ Command line:  -subdir+ /usr/home/drt/Maildir-virus
date: 7.6.2002  time: 12:31:34

þ scanning path /usr/home/drt/Maildir-virus
/usr/home/drt/Maildir-virus/SEARCHURL.MP3.pif - Win32/Badtrans.29020.A worm
/usr/home/drt/Maildir-virus/SETUP.DOC.scr - Win32/Badtrans.29020.A worm
number of diagnosed files: 164
number of viruses found: 2
termination time: 12:31:34 total time: 0 sec (00:00:00)

þ Scanning log
þ NOD32 Version 1.264 (20020605)

þ Command line:  -subdir+ /usr/home/drt/Maildir-virus
date: 7.6.2002  time: 12:31:58

þ scanning path /usr/home/drt/Maildir-virus
/usr/home/drt/Maildir-virus/SEARCHURL.MP3.pif - Win32/Badtrans.29020.A worm
/usr/home/drt/Maildir-virus/SETUP.DOC.scr - Win32/Badtrans.29020.A worm
number of diagnosed files: 164
number of viruses found: 2
termination time: 12:31:58 total time: 0 sec (00:00:00)

þ Scanning log
þ NOD32 Version 1.264 (20020605)

þ Command line:  -subdir+ /usr/home/drt/Maildir-virus
date: 7.6.2002  time: 12:32:28

þ scanning path /usr/home/drt/Maildir-virus
/usr/home/drt/Maildir-virus/SEARCHURL.MP3.pif - Win32/Badtrans.29020.A worm
/usr/home/drt/Maildir-virus/SETUP.DOC.scr - Win32/Badtrans.29020.A worm
number of diagnosed files: 164
number of viruses found: 2
termination time: 12:32:28 total time: 0 sec (00:00:00)

þ Scanning log
þ NOD32 Version 1.264 (20020605)

þ Command line:  -subdir+ /usr/home/drt/Maildir-virus
date: 7.6.2002  time: 12:32:52

þ scanning path /usr/home/drt/Maildir-virus
/usr/home/drt/Maildir-virus/SEARCHURL.MP3.pif - Win32/Badtrans.29020.A worm
/usr/home/drt/Maildir-virus/SETUP.DOC.scr - Win32/Badtrans.29020.A worm
number of diagnosed files: 164
number of viruses found: 2
termination time: 12:32:52 total time: 0 sec (00:00:00)

þ Scanning log
þ NOD32 Version 1.264 (20020605)

þ Command line:  -subdir+ /usr/home/drt/Maildir-virus
date: 7.6.2002  time: 12:33:22

þ scanning path /usr/home/drt/Maildir-virus
/usr/home/drt/Maildir-virus/SEARCHURL.MP3.pif - Win32/Badtrans.29020.A worm
/usr/home/drt/Maildir-virus/SETUP.DOC.scr - Win32/Badtrans.29020.A worm
number of diagnosed files: 164
number of viruses found: 2
termination time: 12:33:22 total time: 0 sec (00:00:00)

þ Scanning log
þ NOD32 Version 1.264 (20020605)

þ Command line:  -subdir+ /usr/home/drt/Maildir-virus
date: 7.6.2002  time: 12:34:20

þ scanning path /usr/home/drt/Maildir-virus
/usr/home/drt/Maildir-virus/SEARCHURL.MP3.pif - Win32/Badtrans.29020.A worm
/usr/home/drt/Maildir-virus/SETUP.DOC.scr - Win32/Badtrans.29020.A worm
number of diagnosed files: 164
number of viruses found: 2
termination time: 12:34:20 total time: 0 sec (00:00:00)

þ Scanning log
þ NOD32 Version 1.264 (20020605)

þ Command line:  -subdir+ /usr/home/drt/Maildir-virus/new
date: 7.6.2002  time: 13:03:39

þ scanning path /usr/home/drt/Maildir-virus/new
number of diagnosed files: 0
number of viruses found: 0
termination time: 13:03:39 total time: 0 sec (00:00:00)

þ Scanning log
þ NOD32 Version 1.264 (20020605)

þ Command line:  -subdir+ /usr/home/drt/Maildir-virus
date: 7.6.2002  time: 13:03:57

þ scanning path /usr/home/drt/Maildir-virus
/usr/home/drt/Maildir-virus/SEARCHURL.MP3.pif - Win32/Badtrans.29020.A worm
/usr/home/drt/Maildir-virus/SETUP.DOC.scr - Win32/Badtrans.29020.A worm
number of diagnosed files: 164
number of viruses found: 2
termination time: 13:03:57 total time: 0 sec (00:00:00)

þ Scanning log
þ NOD32 Version 1.264 (20020605)

þ Command line:  -subdir+ /usr/home/drt/Maildir-virus
date: 7.6.2002  time: 13:05:06

þ scanning path /usr/home/drt/Maildir-virus
/usr/home/drt/Maildir-virus/SEARCHURL.MP3.pif - Win32/Badtrans.29020.A worm
/usr/home/drt/Maildir-virus/SETUP.DOC.scr - Win32/Badtrans.29020.A worm
number of diagnosed files: 164
number of viruses found: 2
termination time: 13:05:06 total time: 0 sec (00:00:00)

þ Scanning log
þ NOD32 Version 1.264 (20020605)

þ Command line:  /dev/null
date: 7.6.2002  time: 13:13:29

þ scanning path /dev/null
number of diagnosed files: 0
number of viruses found: 0
termination time: 13:13:29 total time: 0 sec (00:00:00)

þ Scanning log
þ NOD32 Version 1.264 (20020605)

þ Command line:  /dev/null
date: 7.6.2002  time: 19:31:33

þ scanning path /dev/null
number of diagnosed files: 0
number of viruses found: 0
termination time: 19:31:33 total time: 0 sec (00:00:00)

þ Scanning log
þ NOD32 Version 1.264 (20020605)

þ Command line:  -subdir+ /usr/home/drt/Maildir-virus
date: 7.6.2002  time: 19:31:45

þ scanning path /usr/home/drt/Maildir-virus
/usr/home/drt/Maildir-virus/SEARCHURL.MP3.pif - Win32/Badtrans.29020.A worm
/usr/home/drt/Maildir-virus/SETUP.DOC.scr - Win32/Badtrans.29020.A worm
number of diagnosed files: 164
number of viruses found: 2
termination time: 19:31:45 total time: 0 sec (00:00:00)

þ Scanning log
þ NOD32 Version 1.264 (20020605)

þ Command line:  -subdir+ /usr/home/drt/Maildir-virus
date: 7.6.2002  time: 19:32:38

þ scanning path /usr/home/drt/Maildir-virus
/usr/home/drt/Maildir-virus/SEARCHURL.MP3.pif - Win32/Badtrans.29020.A worm
/usr/home/drt/Maildir-virus/SETUP.DOC.scr - Win32/Badtrans.29020.A worm
number of diagnosed files: 164
number of viruses found: 2
termination time: 19:32:38 total time: 0 sec (00:00:00)

þ Scanning log
þ NOD32 Version 1.264 (20020605)

þ Command line:  -subdir+ /usr/home/drt/Maildir-virus
date: 7.6.2002  time: 19:33:16

þ scanning path /usr/home/drt/Maildir-virus
/usr/home/drt/Maildir-virus/SEARCHURL.MP3.pif - Win32/Badtrans.29020.A worm
/usr/home/drt/Maildir-virus/SETUP.DOC.scr - Win32/Badtrans.29020.A worm
number of diagnosed files: 164
number of viruses found: 2
termination time: 19:33:16 total time: 0 sec (00:00:00)

þ Scanning log
þ NOD32 Version 1.264 (20020605)

þ Command line:  -subdir+ /usr/home/drt/Maildir-virus
date: 7.6.2002  time: 19:33:29

þ scanning path /usr/home/drt/Maildir-virus
/usr/home/drt/Maildir-virus/SEARCHURL.MP3.pif - Win32/Badtrans.29020.A worm
/usr/home/drt/Maildir-virus/SETUP.DOC.scr - Win32/Badtrans.29020.A worm
number of diagnosed files: 164
number of viruses found: 2
termination time: 19:33:29 total time: 0 sec (00:00:00)

þ Scanning log
þ NOD32 Version 1.264 (20020605)

þ Command line:  -subdir+ /usr/home/drt/Maildir-virus
date: 7.6.2002  time: 19:38:08

þ scanning path /usr/home/drt/Maildir-virus
/usr/home/drt/Maildir-virus/SEARCHURL.MP3.pif - Win32/Badtrans.29020.A worm
/usr/home/drt/Maildir-virus/SETUP.DOC.scr - Win32/Badtrans.29020.A worm
number of diagnosed files: 164
number of viruses found: 2
termination time: 19:38:08 total time: 0 sec (00:00:00)

þ Scanning log
þ NOD32 Version 1.264 (20020605)

þ Command line:  -subdir+ /usr/home/drt/Maildir-virus
date: 7.6.2002  time: 19:38:47

þ scanning path /usr/home/drt/Maildir-virus
/usr/home/drt/Maildir-virus/SEARCHURL.MP3.pif - Win32/Badtrans.29020.A worm
/usr/home/drt/Maildir-virus/SETUP.DOC.scr - Win32/Badtrans.29020.A worm
number of diagnosed files: 164
number of viruses found: 2
termination time: 19:38:47 total time: 0 sec (00:00:00)

þ Scanning log
þ NOD32 Version 1.264 (20020605)

þ Command line:  -subdir+ /usr/home/drt/Maildir-virus/new
date: 7.6.2002  time: 19:39:18

þ scanning path /usr/home/drt/Maildir-virus/new
number of diagnosed files: 0
number of viruses found: 0
termination time: 19:39:18 total time: 0 sec (00:00:00)

